2020-09-06 20:44:26,588 INFO org.springframework.test.context.support.AbstractTestContextBootstrapper [main] Neither @ContextConfiguration nor @ContextHierarchy found for test class [prasun.springboot.ConfigServerApplicationTests], using SpringBootContextLoader
2020-09-06 20:44:26,714 INFO org.springframework.test.context.support.AbstractContextLoader [main] Could not detect default resource locations for test class [prasun.springboot.ConfigServerApplicationTests]: no resource found for suffixes {-context.xml, Context.groovy}.
2020-09-06 20:44:26,725 INFO org.springframework.test.context.support.AnnotationConfigContextLoaderUtils [main] Could not detect default configuration classes for test class [prasun.springboot.ConfigServerApplicationTests]: ConfigServerApplicationTests does not declare any static, non-private, non-final, nested classes annotated with @Configuration.
2020-09-06 20:44:28,024 INFO org.springframework.boot.test.context.SpringBootTestContextBootstrapper [main] Found @SpringBootConfiguration prasun.springboot.ConfigServerApplication for test class prasun.springboot.ConfigServerApplicationTests
2020-09-06 20:44:29,623 INFO org.springframework.test.context.support.AbstractTestContextBootstrapper [main] Loaded default TestExecutionListener class names from location [META-INF/spring.factories]: [org.springframework.boot.test.mock.mockito.MockitoTestExecutionListener, org.springframework.boot.test.mock.mockito.ResetMocksTestExecutionListener, org.springframework.boot.test.autoconfigure.restdocs.RestDocsTestExecutionListener, org.springframework.boot.test.autoconfigure.web.client.MockRestServiceServerResetTestExecutionListener, org.springframework.boot.test.autoconfigure.web.servlet.MockMvcPrintOnlyOnFailureTestExecutionListener, org.springframework.boot.test.autoconfigure.web.servlet.WebDriverTestExecutionListener, org.springframework.boot.test.autoconfigure.webservices.client.MockWebServiceServerTestExecutionListener, org.springframework.test.context.web.ServletTestExecutionListener, org.springframework.test.context.support.DirtiesContextBeforeModesTestExecutionListener, org.springframework.test.context.support.DependencyInjectionTestExecutionListener, org.springframework.test.context.support.DirtiesContextTestExecutionListener, org.springframework.test.context.transaction.TransactionalTestExecutionListener, org.springframework.test.context.jdbc.SqlScriptsTestExecutionListener, org.springframework.test.context.event.EventPublishingTestExecutionListener]
2020-09-06 20:44:29,948 INFO org.springframework.test.context.support.AbstractTestContextBootstrapper [main] Using TestExecutionListeners: [org.springframework.test.context.web.ServletTestExecutionListener@acdb094, org.springframework.test.context.support.DirtiesContextBeforeModesTestExecutionListener@674bd420, org.springframework.boot.test.mock.mockito.MockitoTestExecutionListener@2b0f373b, org.springframework.boot.test.autoconfigure.SpringBootDependencyInjectionTestExecutionListener@2ceb80a1, org.springframework.test.context.support.DirtiesContextTestExecutionListener@4b45dcb8, org.springframework.test.context.transaction.TransactionalTestExecutionListener@7216fb24, org.springframework.test.context.jdbc.SqlScriptsTestExecutionListener@2072acb2, org.springframework.test.context.event.EventPublishingTestExecutionListener@50ecde95, org.springframework.boot.test.mock.mockito.ResetMocksTestExecutionListener@35a9782c, org.springframework.boot.test.autoconfigure.restdocs.RestDocsTestExecutionListener@70a36a66, org.springframework.boot.test.autoconfigure.web.client.MockRestServiceServerResetTestExecutionListener@45815ffc, org.springframework.boot.test.autoconfigure.web.servlet.MockMvcPrintOnlyOnFailureTestExecutionListener@732f29af, org.springframework.boot.test.autoconfigure.web.servlet.WebDriverTestExecutionListener@d3957fe, org.springframework.boot.test.autoconfigure.webservices.client.MockWebServiceServerTestExecutionListener@6622fc65]
2020-09-06 20:44:34,588 INFO org.hibernate.validator.internal.util.Version [background-preinit] HV000001: Hibernate Validator 6.1.5.Final
2020-09-06 20:44:47,188 INFO org.springframework.boot.SpringApplication [main] No active profile set, falling back to default profiles: default
2020-09-06 20:44:55,465 WARN org.springframework.boot.actuate.endpoint.EndpointId [main] Endpoint ID 'bus-env' contains invalid characters, please migrate to a valid format.
2020-09-06 20:44:58,461 WARN org.springframework.boot.actuate.endpoint.EndpointId [main] Endpoint ID 'bus-refresh' contains invalid characters, please migrate to a valid format.
2020-09-06 20:45:01,949 INFO org.springframework.cloud.context.scope.GenericScope [main] BeanFactory id=64ebe730-e7fb-3bf5-a81f-a1e010e12671
2020-09-06 20:45:02,261 INFO org.springframework.integration.config.DefaultConfiguringBeanFactoryPostProcessor [main] No bean named 'errorChannel' has been explicitly defined. Therefore, a default PublishSubscribeChannel will be created.
2020-09-06 20:45:02,349 INFO org.springframework.integration.config.DefaultConfiguringBeanFactoryPostProcessor [main] No bean named 'taskScheduler' has been explicitly defined. Therefore, a default ThreadPoolTaskScheduler will be created.
2020-09-06 20:45:02,440 INFO org.springframework.integration.config.DefaultConfiguringBeanFactoryPostProcessor [main] No bean named 'integrationHeaderChannelRegistry' has been explicitly defined. Therefore, a default DefaultHeaderChannelRegistry will be created.
2020-09-06 20:45:03,712 INFO org.springframework.context.support.PostProcessorRegistrationDelegate$BeanPostProcessorChecker [main] Bean 'integrationChannelResolver' of type [org.springframework.integration.support.channel.BeanFactoryChannelResolver] is not eligible for getting processed by all BeanPostProcessors (for example: not eligible for auto-proxying)
2020-09-06 20:45:03,752 INFO org.springframework.context.support.PostProcessorRegistrationDelegate$BeanPostProcessorChecker [main] Bean 'integrationDisposableAutoCreatedBeans' of type [org.springframework.integration.config.annotation.Disposables] is not eligible for getting processed by all BeanPostProcessors (for example: not eligible for auto-proxying)
2020-09-06 20:45:04,277 INFO org.springframework.context.support.PostProcessorRegistrationDelegate$BeanPostProcessorChecker [main] Bean 'org.springframework.integration.config.IntegrationManagementConfiguration' of type [org.springframework.integration.config.IntegrationManagementConfiguration] is not eligible for getting processed by all BeanPostProcessors (for example: not eligible for auto-proxying)
2020-09-06 20:45:17,346 INFO org.springframework.scheduling.concurrent.ExecutorConfigurationSupport [main] Initializing ExecutorService 'applicationTaskExecutor'
2020-09-06 20:45:26,137 INFO org.springframework.scheduling.concurrent.ExecutorConfigurationSupport [main] Initializing ExecutorService 'taskScheduler'
2020-09-06 20:45:26,416 INFO org.springframework.cloud.stream.function.FunctionConfiguration$FunctionBindingRegistrar [main] Functional binding is disabled due to the presense of @EnableBinding annotation in your configuration
2020-09-06 20:45:39,474 INFO org.springframework.cloud.commons.util.InetUtils [main] Cannot determine local hostname
2020-09-06 20:45:41,757 INFO org.springframework.boot.actuate.endpoint.web.EndpointLinksResolver [main] Exposing 2 endpoint(s) beneath base path '/actuator'
2020-09-06 20:45:44,269 INFO org.springframework.integration.channel.AbstractSubscribableChannel [main] Channel 'application-1.springCloudBusInput' has 1 subscriber(s).
2020-09-06 20:45:44,464 INFO org.springframework.integration.endpoint.EventDrivenConsumer [main] Adding {logging-channel-adapter:_org.springframework.integration.errorLogger} as a subscriber to the 'errorChannel' channel
2020-09-06 20:45:44,470 INFO org.springframework.integration.channel.AbstractSubscribableChannel [main] Channel 'application-1.errorChannel' has 1 subscriber(s).
2020-09-06 20:45:44,473 INFO org.springframework.integration.endpoint.AbstractEndpoint [main] started bean '_org.springframework.integration.errorLogger'
2020-09-06 20:45:44,477 INFO org.springframework.cloud.stream.binder.DefaultBinderFactory [main] Creating binder: rabbit
2020-09-06 20:45:47,277 INFO org.springframework.cloud.stream.binder.DefaultBinderFactory [main] Caching the binder: rabbit
2020-09-06 20:45:47,286 INFO org.springframework.cloud.stream.binder.DefaultBinderFactory [main] Retrieving cached binder: rabbit
2020-09-06 20:45:47,733 INFO org.springframework.amqp.rabbit.connection.AbstractConnectionFactory [main] Attempting to connect to: [localhost:5672]
2020-09-06 20:45:47,890 INFO org.springframework.integration.channel.AbstractSubscribableChannel [main] Channel 'application-1.springCloudBusOutput' has 1 subscriber(s).
2020-09-06 20:45:47,914 INFO org.springframework.cloud.stream.binder.DefaultBinderFactory [main] Retrieving cached binder: rabbit
2020-09-06 20:45:48,324 INFO org.springframework.cloud.stream.binder.rabbit.provisioning.RabbitExchangeQueueProvisioner [main] declaring queue for inbound: springCloudBus.anonymous.qG1twLcMTZK4tCjBJgetrg, bound to: springCloudBus
2020-09-06 20:45:48,329 INFO org.springframework.amqp.rabbit.connection.AbstractConnectionFactory [main] Attempting to connect to: [localhost:5672]
2020-09-06 20:45:48,344 INFO org.springframework.amqp.rabbit.connection.AbstractConnectionFactory [main] Attempting to connect to: [localhost:5672]
2020-09-06 20:45:48,412 INFO org.springframework.amqp.rabbit.connection.AbstractConnectionFactory [main] Attempting to connect to: [localhost:5672]
2020-09-06 20:45:48,835 INFO org.springframework.integration.channel.AbstractSubscribableChannel [main] Channel 'springCloudBus.anonymous.qG1twLcMTZK4tCjBJgetrg.errors' has 1 subscriber(s).
2020-09-06 20:45:48,847 INFO org.springframework.integration.channel.AbstractSubscribableChannel [main] Channel 'springCloudBus.anonymous.qG1twLcMTZK4tCjBJgetrg.errors' has 2 subscriber(s).
2020-09-06 20:45:48,889 INFO org.springframework.amqp.rabbit.connection.AbstractConnectionFactory [main] Attempting to connect to: [localhost:5672]
2020-09-06 20:45:48,893 INFO org.springframework.amqp.rabbit.listener.AbstractMessageListenerContainer [main] Broker not available; cannot force queue declarations during start: java.net.ConnectException: Connection refused (Connection refused)
2020-09-06 20:45:49,052 INFO org.springframework.amqp.rabbit.connection.AbstractConnectionFactory [springCloudBus.anonymous.qG1twLcMTZK4tCjBJgetrg-1] Attempting to connect to: [localhost:5672]
2020-09-06 20:45:49,059 INFO org.springframework.integration.endpoint.AbstractEndpoint [main] started bean 'inbound.springCloudBus.anonymous.qG1twLcMTZK4tCjBJgetrg'
2020-09-06 20:45:49,595 INFO org.springframework.boot.StartupInfoLogger [main] Started ConfigServerApplicationTests in 79.099 seconds (JVM running for 90.024)
2020-09-06 20:45:54,064 WARN org.springframework.amqp.rabbit.listener.SimpleMessageListenerContainer$AsyncMessageProcessingConsumer [springCloudBus.anonymous.qG1twLcMTZK4tCjBJgetrg-1] Consumer raised exception, processing can restart if the connection factory supports it. Exception summary: org.springframework.amqp.AmqpConnectException: java.net.ConnectException: Connection refused (Connection refused)
2020-09-06 20:45:54,089 INFO org.springframework.amqp.rabbit.listener.SimpleMessageListenerContainer$AsyncMessageProcessingConsumer [springCloudBus.anonymous.qG1twLcMTZK4tCjBJgetrg-1] Restarting Consumer@19d9ba89: tags=[[]], channel=null, acknowledgeMode=AUTO local queue size=0
2020-09-06 20:45:54,118 INFO org.springframework.amqp.rabbit.connection.AbstractConnectionFactory [springCloudBus.anonymous.qG1twLcMTZK4tCjBJgetrg-2] Attempting to connect to: [localhost:5672]
2020-09-06 20:45:57,151 INFO org.springframework.amqp.rabbit.listener.SimpleMessageListenerContainer [SpringContextShutdownHook] Waiting for workers to finish.
2020-09-06 20:45:57,171 INFO org.springframework.amqp.rabbit.listener.SimpleMessageListenerContainer [SpringContextShutdownHook] Successfully waited for workers to finish.
2020-09-06 20:45:57,180 INFO org.springframework.integration.endpoint.AbstractEndpoint [SpringContextShutdownHook] stopped bean 'inbound.springCloudBus.anonymous.qG1twLcMTZK4tCjBJgetrg'
2020-09-06 20:45:57,811 INFO org.springframework.integration.channel.AbstractSubscribableChannel [SpringContextShutdownHook] Channel 'application-1.springCloudBus.anonymous.qG1twLcMTZK4tCjBJgetrg.errors' has 1 subscriber(s).
2020-09-06 20:45:57,825 INFO org.springframework.integration.channel.AbstractSubscribableChannel [SpringContextShutdownHook] Channel 'application-1.springCloudBus.anonymous.qG1twLcMTZK4tCjBJgetrg.errors' has 0 subscriber(s).
2020-09-06 20:45:57,853 INFO org.springframework.integration.endpoint.EventDrivenConsumer [SpringContextShutdownHook] Removing {logging-channel-adapter:_org.springframework.integration.errorLogger} as a subscriber to the 'errorChannel' channel
2020-09-06 20:45:57,859 INFO org.springframework.integration.channel.AbstractSubscribableChannel [SpringContextShutdownHook] Channel 'application-1.errorChannel' has 0 subscriber(s).
2020-09-06 20:45:57,868 INFO org.springframework.integration.endpoint.AbstractEndpoint [SpringContextShutdownHook] stopped bean '_org.springframework.integration.errorLogger'
2020-09-06 20:45:57,908 INFO org.springframework.scheduling.concurrent.ExecutorConfigurationSupport [SpringContextShutdownHook] Shutting down ExecutorService 'taskScheduler'
2020-09-06 20:45:57,929 INFO org.springframework.scheduling.concurrent.ExecutorConfigurationSupport [SpringContextShutdownHook] Shutting down ExecutorService 'applicationTaskExecutor'
2020-09-06 21:29:20,004 INFO org.springframework.test.context.support.AbstractTestContextBootstrapper [main] Neither @ContextConfiguration nor @ContextHierarchy found for test class [prasun.springboot.ConfigServerApplicationTests], using SpringBootContextLoader
2020-09-06 21:29:20,186 INFO org.springframework.test.context.support.AbstractContextLoader [main] Could not detect default resource locations for test class [prasun.springboot.ConfigServerApplicationTests]: no resource found for suffixes {-context.xml, Context.groovy}.
2020-09-06 21:29:20,206 INFO org.springframework.test.context.support.AnnotationConfigContextLoaderUtils [main] Could not detect default configuration classes for test class [prasun.springboot.ConfigServerApplicationTests]: ConfigServerApplicationTests does not declare any static, non-private, non-final, nested classes annotated with @Configuration.
2020-09-06 21:29:21,828 INFO org.springframework.boot.test.context.SpringBootTestContextBootstrapper [main] Found @SpringBootConfiguration prasun.springboot.ConfigServerApplication for test class prasun.springboot.ConfigServerApplicationTests
2020-09-06 21:29:23,965 INFO org.springframework.test.context.support.AbstractTestContextBootstrapper [main] Loaded default TestExecutionListener class names from location [META-INF/spring.factories]: [org.springframework.boot.test.mock.mockito.MockitoTestExecutionListener, org.springframework.boot.test.mock.mockito.ResetMocksTestExecutionListener, org.springframework.boot.test.autoconfigure.restdocs.RestDocsTestExecutionListener, org.springframework.boot.test.autoconfigure.web.client.MockRestServiceServerResetTestExecutionListener, org.springframework.boot.test.autoconfigure.web.servlet.MockMvcPrintOnlyOnFailureTestExecutionListener, org.springframework.boot.test.autoconfigure.web.servlet.WebDriverTestExecutionListener, org.springframework.boot.test.autoconfigure.webservices.client.MockWebServiceServerTestExecutionListener, org.springframework.test.context.web.ServletTestExecutionListener, org.springframework.test.context.support.DirtiesContextBeforeModesTestExecutionListener, org.springframework.test.context.support.DependencyInjectionTestExecutionListener, org.springframework.test.context.support.DirtiesContextTestExecutionListener, org.springframework.test.context.transaction.TransactionalTestExecutionListener, org.springframework.test.context.jdbc.SqlScriptsTestExecutionListener, org.springframework.test.context.event.EventPublishingTestExecutionListener]
2020-09-06 21:29:24,332 INFO org.springframework.test.context.support.AbstractTestContextBootstrapper [main] Using TestExecutionListeners: [org.springframework.test.context.web.ServletTestExecutionListener@5a7005d, org.springframework.test.context.support.DirtiesContextBeforeModesTestExecutionListener@5bc9ba1d, org.springframework.boot.test.mock.mockito.MockitoTestExecutionListener@1021f6c9, org.springframework.boot.test.autoconfigure.SpringBootDependencyInjectionTestExecutionListener@7516e4e5, org.springframework.test.context.support.DirtiesContextTestExecutionListener@488eb7f2, org.springframework.test.context.transaction.TransactionalTestExecutionListener@5e81e5ac, org.springframework.test.context.jdbc.SqlScriptsTestExecutionListener@4189d70b, org.springframework.test.context.event.EventPublishingTestExecutionListener@3fa2213, org.springframework.boot.test.mock.mockito.ResetMocksTestExecutionListener@3e7634b9, org.springframework.boot.test.autoconfigure.restdocs.RestDocsTestExecutionListener@6f0b0a5e, org.springframework.boot.test.autoconfigure.web.client.MockRestServiceServerResetTestExecutionListener@6035b93b, org.springframework.boot.test.autoconfigure.web.servlet.MockMvcPrintOnlyOnFailureTestExecutionListener@320de594, org.springframework.boot.test.autoconfigure.web.servlet.WebDriverTestExecutionListener@3dd1dc90, org.springframework.boot.test.autoconfigure.webservices.client.MockWebServiceServerTestExecutionListener@abf688e]
2020-09-06 21:29:29,299 INFO org.hibernate.validator.internal.util.Version [background-preinit] HV000001: Hibernate Validator 6.1.5.Final
2020-09-06 21:29:40,524 INFO org.springframework.boot.SpringApplication [main] No active profile set, falling back to default profiles: default
2020-09-06 21:29:50,172 WARN org.springframework.boot.actuate.endpoint.EndpointId [main] Endpoint ID 'bus-env' contains invalid characters, please migrate to a valid format.
2020-09-06 21:29:53,575 WARN org.springframework.boot.actuate.endpoint.EndpointId [main] Endpoint ID 'bus-refresh' contains invalid characters, please migrate to a valid format.
2020-09-06 21:29:54,459 WARN org.springframework.boot.actuate.endpoint.EndpointId [main] Endpoint ID 'service-registry' contains invalid characters, please migrate to a valid format.
2020-09-06 21:29:57,590 INFO org.springframework.cloud.context.scope.GenericScope [main] BeanFactory id=298c9a49-dd6d-38dd-8539-e1e68b481fa7
2020-09-06 21:29:58,010 INFO org.springframework.integration.config.DefaultConfiguringBeanFactoryPostProcessor [main] No bean named 'errorChannel' has been explicitly defined. Therefore, a default PublishSubscribeChannel will be created.
2020-09-06 21:29:58,131 INFO org.springframework.integration.config.DefaultConfiguringBeanFactoryPostProcessor [main] No bean named 'taskScheduler' has been explicitly defined. Therefore, a default ThreadPoolTaskScheduler will be created.
2020-09-06 21:29:58,297 INFO org.springframework.integration.config.DefaultConfiguringBeanFactoryPostProcessor [main] No bean named 'integrationHeaderChannelRegistry' has been explicitly defined. Therefore, a default DefaultHeaderChannelRegistry will be created.
