2020-09-06 20:54:31,304 INFO org.springframework.test.context.support.AbstractTestContextBootstrapper [main] Neither @ContextConfiguration nor @ContextHierarchy found for test class [prasun.springboot.gateway.GatewayApplicationTests], using SpringBootContextLoader
2020-09-06 20:54:31,523 INFO org.springframework.test.context.support.AbstractContextLoader [main] Could not detect default resource locations for test class [prasun.springboot.gateway.GatewayApplicationTests]: no resource found for suffixes {-context.xml, Context.groovy}.
2020-09-06 20:54:31,537 INFO org.springframework.test.context.support.AnnotationConfigContextLoaderUtils [main] Could not detect default configuration classes for test class [prasun.springboot.gateway.GatewayApplicationTests]: GatewayApplicationTests does not declare any static, non-private, non-final, nested classes annotated with @Configuration.
2020-09-06 20:54:33,300 INFO org.springframework.boot.test.context.SpringBootTestContextBootstrapper [main] Found @SpringBootConfiguration prasun.springboot.gateway.GatewayApplication for test class prasun.springboot.gateway.GatewayApplicationTests
2020-09-06 20:54:35,836 INFO org.springframework.test.context.support.AbstractTestContextBootstrapper [main] Loaded default TestExecutionListener class names from location [META-INF/spring.factories]: [org.springframework.boot.test.mock.mockito.MockitoTestExecutionListener, org.springframework.boot.test.mock.mockito.ResetMocksTestExecutionListener, org.springframework.boot.test.autoconfigure.restdocs.RestDocsTestExecutionListener, org.springframework.boot.test.autoconfigure.web.client.MockRestServiceServerResetTestExecutionListener, org.springframework.boot.test.autoconfigure.web.servlet.MockMvcPrintOnlyOnFailureTestExecutionListener, org.springframework.boot.test.autoconfigure.web.servlet.WebDriverTestExecutionListener, org.springframework.boot.test.autoconfigure.webservices.client.MockWebServiceServerTestExecutionListener, org.springframework.test.context.web.ServletTestExecutionListener, org.springframework.test.context.support.DirtiesContextBeforeModesTestExecutionListener, org.springframework.test.context.support.DependencyInjectionTestExecutionListener, org.springframework.test.context.support.DirtiesContextTestExecutionListener, org.springframework.test.context.transaction.TransactionalTestExecutionListener, org.springframework.test.context.jdbc.SqlScriptsTestExecutionListener, org.springframework.test.context.event.EventPublishingTestExecutionListener]
2020-09-06 20:54:36,105 INFO org.springframework.test.context.support.AbstractTestContextBootstrapper [main] Using TestExecutionListeners: [org.springframework.test.context.support.DirtiesContextBeforeModesTestExecutionListener@cb191ca, org.springframework.boot.test.mock.mockito.MockitoTestExecutionListener@42f48531, org.springframework.boot.test.autoconfigure.SpringBootDependencyInjectionTestExecutionListener@a776e, org.springframework.test.context.support.DirtiesContextTestExecutionListener@792bbc74, org.springframework.test.context.transaction.TransactionalTestExecutionListener@79145d5a, org.springframework.test.context.jdbc.SqlScriptsTestExecutionListener@1f2f9244, org.springframework.test.context.event.EventPublishingTestExecutionListener@4c4d27c8, org.springframework.boot.test.mock.mockito.ResetMocksTestExecutionListener@6821ea29, org.springframework.boot.test.autoconfigure.restdocs.RestDocsTestExecutionListener@338494fa, org.springframework.boot.test.autoconfigure.web.client.MockRestServiceServerResetTestExecutionListener@505a9d7c, org.springframework.boot.test.autoconfigure.web.servlet.MockMvcPrintOnlyOnFailureTestExecutionListener@758c83d8, org.springframework.boot.test.autoconfigure.web.servlet.WebDriverTestExecutionListener@129b4fe2, org.springframework.boot.test.autoconfigure.webservices.client.MockWebServiceServerTestExecutionListener@5af3a0f]
2020-09-06 20:54:42,666 INFO org.hibernate.validator.internal.util.Version [background-preinit] HV000001: Hibernate Validator 6.1.5.Final
2020-09-06 20:54:53,926 INFO org.springframework.cloud.config.client.ConfigServicePropertySourceLocator [main] Fetching config from server at : http://config-server:8000
2020-09-06 20:54:57,574 INFO org.springframework.cloud.config.client.ConfigServicePropertySourceLocator [main] Connect Timeout Exception on Url - http://config-server:8000. Will be trying the next url if available
2020-09-06 20:54:57,582 WARN org.springframework.cloud.config.client.ConfigServicePropertySourceLocator [main] Could not locate PropertySource: I/O error on GET request for "http://config-server:8000/gateway-service/default": config-server; nested exception is java.net.UnknownHostException: config-server
2020-09-06 20:54:57,680 INFO org.springframework.boot.SpringApplication [main] No active profile set, falling back to default profiles: default
2020-09-06 20:55:15,576 WARN org.springframework.boot.actuate.endpoint.EndpointId [main] Endpoint ID 'bus-env' contains invalid characters, please migrate to a valid format.
2020-09-06 20:55:19,180 INFO org.springframework.data.repository.config.RepositoryConfigurationDelegate [main] Bootstrapping Spring Data MongoDB repositories in DEFAULT mode.
2020-09-06 20:55:21,421 INFO org.springframework.data.repository.config.RepositoryConfigurationDelegate [main] Finished Spring Data repository scanning in 2119ms. Found 0 MongoDB repository interfaces.
2020-09-06 20:55:21,958 WARN org.springframework.boot.actuate.endpoint.EndpointId [main] Endpoint ID 'bus-refresh' contains invalid characters, please migrate to a valid format.
2020-09-06 20:55:22,636 WARN org.springframework.boot.actuate.endpoint.EndpointId [main] Endpoint ID 'service-registry' contains invalid characters, please migrate to a valid format.
2020-09-06 20:55:23,316 WARN org.springframework.boot.actuate.endpoint.EndpointId [main] Endpoint ID 'hystrix.stream' contains invalid characters, please migrate to a valid format.
2020-09-06 20:55:26,815 INFO org.springframework.cloud.context.scope.GenericScope [main] BeanFactory id=438f8b54-fa18-30ca-83df-f5dbef49e889
2020-09-06 20:55:27,285 INFO org.springframework.integration.config.DefaultConfiguringBeanFactoryPostProcessor [main] No bean named 'errorChannel' has been explicitly defined. Therefore, a default PublishSubscribeChannel will be created.
2020-09-06 20:55:27,371 INFO org.springframework.integration.config.DefaultConfiguringBeanFactoryPostProcessor [main] No bean named 'taskScheduler' has been explicitly defined. Therefore, a default ThreadPoolTaskScheduler will be created.
2020-09-06 20:55:27,482 INFO org.springframework.integration.config.DefaultConfiguringBeanFactoryPostProcessor [main] No bean named 'integrationHeaderChannelRegistry' has been explicitly defined. Therefore, a default DefaultHeaderChannelRegistry will be created.
2020-09-06 20:55:30,987 INFO org.springframework.context.support.PostProcessorRegistrationDelegate$BeanPostProcessorChecker [main] Bean 'org.springframework.security.config.annotation.method.configuration.ReactiveMethodSecurityConfiguration' of type [org.springframework.security.config.annotation.method.configuration.ReactiveMethodSecurityConfiguration] is not eligible for getting processed by all BeanPostProcessors (for example: not eligible for auto-proxying)
2020-09-06 20:55:34,740 INFO org.springframework.context.support.PostProcessorRegistrationDelegate$BeanPostProcessorChecker [main] Bean 'integrationChannelResolver' of type [org.springframework.integration.support.channel.BeanFactoryChannelResolver] is not eligible for getting processed by all BeanPostProcessors (for example: not eligible for auto-proxying)
2020-09-06 20:55:34,776 INFO org.springframework.context.support.PostProcessorRegistrationDelegate$BeanPostProcessorChecker [main] Bean 'integrationDisposableAutoCreatedBeans' of type [org.springframework.integration.config.annotation.Disposables] is not eligible for getting processed by all BeanPostProcessors (for example: not eligible for auto-proxying)
2020-09-06 20:55:35,196 INFO org.springframework.context.support.PostProcessorRegistrationDelegate$BeanPostProcessorChecker [main] Bean 'org.springframework.integration.config.IntegrationManagementConfiguration' of type [org.springframework.integration.config.IntegrationManagementConfiguration] is not eligible for getting processed by all BeanPostProcessors (for example: not eligible for auto-proxying)
2020-09-06 20:55:35,581 INFO org.springframework.context.support.PostProcessorRegistrationDelegate$BeanPostProcessorChecker [main] Bean 'org.springframework.cloud.client.loadbalancer.reactive.LoadBalancerBeanPostProcessorAutoConfiguration' of type [org.springframework.cloud.client.loadbalancer.reactive.LoadBalancerBeanPostProcessorAutoConfiguration] is not eligible for getting processed by all BeanPostProcessors (for example: not eligible for auto-proxying)
2020-09-06 20:55:35,612 INFO org.springframework.context.support.PostProcessorRegistrationDelegate$BeanPostProcessorChecker [main] Bean 'org.springframework.cloud.client.loadbalancer.reactive.LoadBalancerBeanPostProcessorAutoConfiguration$ReactiveLoadBalancerConfig' of type [org.springframework.cloud.client.loadbalancer.reactive.LoadBalancerBeanPostProcessorAutoConfiguration$ReactiveLoadBalancerConfig] is not eligible for getting processed by all BeanPostProcessors (for example: not eligible for auto-proxying)
2020-09-06 20:55:35,691 INFO org.springframework.context.support.PostProcessorRegistrationDelegate$BeanPostProcessorChecker [main] Bean 'deferringLoadBalancerExchangeFilterFunction' of type [org.springframework.cloud.client.loadbalancer.reactive.DeferringLoadBalancerExchangeFilterFunction] is not eligible for getting processed by all BeanPostProcessors (for example: not eligible for auto-proxying)
2020-09-06 20:55:39,961 INFO com.mongodb.diagnostics.logging.SLF4JLogger [main] Cluster created with settings {hosts=[192.168.1.7:27017], mode=SINGLE, requiredClusterType=UNKNOWN, serverSelectionTimeout='50000 ms'}
2020-09-06 20:55:42,737 INFO com.mongodb.diagnostics.logging.SLF4JLogger [cluster-ClusterId{value='5f54ff73b8a8b4417b677e12', description='null'}-192.168.1.7:27017] Exception in monitor thread while connecting to server 192.168.1.7:27017
com.mongodb.MongoSocketOpenException: Exception opening socket
	at com.mongodb.internal.connection.SocketStream.open(SocketStream.java:70)
	at com.mongodb.internal.connection.InternalStreamConnection.open(InternalStreamConnection.java:127)
	at com.mongodb.internal.connection.DefaultServerMonitor$ServerMonitorRunnable.run(DefaultServerMonitor.java:117)
	at java.base/java.lang.Thread.run(Thread.java:834)
Caused by: java.net.SocketTimeoutException: connect timed out
	at java.base/java.net.PlainSocketImpl.socketConnect(Native Method)
	at java.base/java.net.AbstractPlainSocketImpl.doConnect(AbstractPlainSocketImpl.java:399)
	at java.base/java.net.AbstractPlainSocketImpl.connectToAddress(AbstractPlainSocketImpl.java:242)
	at java.base/java.net.AbstractPlainSocketImpl.connect(AbstractPlainSocketImpl.java:224)
	at java.base/java.net.SocksSocketImpl.connect(SocksSocketImpl.java:403)
	at java.base/java.net.Socket.connect(Socket.java:609)
	at com.mongodb.internal.connection.SocketStreamHelper.initialize(SocketStreamHelper.java:63)
	at com.mongodb.internal.connection.SocketStream.initializeSocket(SocketStream.java:79)
	at com.mongodb.internal.connection.SocketStream.open(SocketStream.java:65)
	... 3 common frames omitted
2020-09-06 20:55:49,562 WARN com.netflix.config.sources.URLConfigurationSource [main] No URLs will be polled as dynamic configuration sources.
2020-09-06 20:55:49,579 INFO com.netflix.config.sources.URLConfigurationSource [main] To enable URLs as dynamic configuration sources, define System property archaius.configurationSource.additionalUrls or make config.properties available on classpath.
2020-09-06 20:55:49,836 WARN com.netflix.config.sources.URLConfigurationSource [main] No URLs will be polled as dynamic configuration sources.
2020-09-06 20:55:49,841 INFO com.netflix.config.sources.URLConfigurationSource [main] To enable URLs as dynamic configuration sources, define System property archaius.configurationSource.additionalUrls or make config.properties available on classpath.
2020-09-06 20:55:57,767 INFO org.springframework.cloud.commons.util.InetUtils [main] Cannot determine local hostname
2020-09-06 20:56:02,789 INFO org.springframework.cloud.commons.util.InetUtils [main] Cannot determine local hostname
2020-09-06 20:56:14,709 INFO org.springframework.cloud.gateway.route.RouteDefinitionRouteLocator [main] Loaded RoutePredicateFactory [After]
2020-09-06 20:56:14,718 INFO org.springframework.cloud.gateway.route.RouteDefinitionRouteLocator [main] Loaded RoutePredicateFactory [Before]
2020-09-06 20:56:14,728 INFO org.springframework.cloud.gateway.route.RouteDefinitionRouteLocator [main] Loaded RoutePredicateFactory [Between]
2020-09-06 20:56:14,733 INFO org.springframework.cloud.gateway.route.RouteDefinitionRouteLocator [main] Loaded RoutePredicateFactory [Cookie]
2020-09-06 20:56:14,746 INFO org.springframework.cloud.gateway.route.RouteDefinitionRouteLocator [main] Loaded RoutePredicateFactory [Header]
2020-09-06 20:56:14,748 INFO org.springframework.cloud.gateway.route.RouteDefinitionRouteLocator [main] Loaded RoutePredicateFactory [Host]
2020-09-06 20:56:14,751 INFO org.springframework.cloud.gateway.route.RouteDefinitionRouteLocator [main] Loaded RoutePredicateFactory [Method]
2020-09-06 20:56:14,756 INFO org.springframework.cloud.gateway.route.RouteDefinitionRouteLocator [main] Loaded RoutePredicateFactory [Path]
2020-09-06 20:56:14,758 INFO org.springframework.cloud.gateway.route.RouteDefinitionRouteLocator [main] Loaded RoutePredicateFactory [Query]
2020-09-06 20:56:14,770 INFO org.springframework.cloud.gateway.route.RouteDefinitionRouteLocator [main] Loaded RoutePredicateFactory [ReadBodyPredicateFactory]
2020-09-06 20:56:14,773 INFO org.springframework.cloud.gateway.route.RouteDefinitionRouteLocator [main] Loaded RoutePredicateFactory [RemoteAddr]
2020-09-06 20:56:14,782 INFO org.springframework.cloud.gateway.route.RouteDefinitionRouteLocator [main] Loaded RoutePredicateFactory [Weight]
2020-09-06 20:56:14,787 INFO org.springframework.cloud.gateway.route.RouteDefinitionRouteLocator [main] Loaded RoutePredicateFactory [CloudFoundryRouteService]
2020-09-06 20:56:25,793 WARN org.springframework.data.convert.CustomConversions [main] Registering converter from class java.time.LocalDateTime to class org.joda.time.LocalDateTime as reading converter although it doesn't convert from a store-supported type! You might want to check your annotation setup at the converter implementation.
2020-09-06 20:56:27,842 WARN org.springframework.data.convert.CustomConversions [main] Registering converter from class java.time.LocalDateTime to class org.joda.time.LocalDateTime as reading converter although it doesn't convert from a store-supported type! You might want to check your annotation setup at the converter implementation.
2020-09-06 20:56:31,066 INFO org.springframework.cloud.commons.util.InetUtils [main] Cannot determine local hostname
2020-09-06 20:56:31,747 INFO org.springframework.boot.actuate.endpoint.web.EndpointLinksResolver [main] Exposing 2 endpoint(s) beneath base path '/actuator'
2020-09-06 20:56:40,129 INFO org.springframework.scheduling.concurrent.ExecutorConfigurationSupport [main] Initializing ExecutorService 'taskScheduler'
2020-09-06 20:56:40,498 INFO org.springframework.cloud.stream.function.FunctionConfiguration$FunctionBindingRegistrar [main] Functional binding is disabled due to the presense of @EnableBinding annotation in your configuration
2020-09-06 20:56:44,836 INFO org.springframework.cloud.commons.util.InetUtils [main] Cannot determine local hostname
2020-09-06 20:56:44,903 WARN org.springframework.cloud.loadbalancer.config.BlockingLoadBalancerClientAutoConfiguration$BlockingLoadBalancerClientRibbonWarnLogger [main] You already have RibbonLoadBalancerClient on your classpath. It will be used by default. As Spring Cloud Ribbon is in maintenance mode. We recommend switching to BlockingLoadBalancerClient instead. In order to use it, set the value of `spring.cloud.loadbalancer.ribbon.enabled` to `false` or remove spring-cloud-starter-netflix-ribbon from your project.
2020-09-06 20:56:45,248 WARN org.springframework.cloud.client.loadbalancer.reactive.ReactorLoadBalancerClientAutoConfiguration$ReactorLoadBalancerClientRibbonWarnLogger [main] You have RibbonLoadBalancerClient on your classpath. LoadBalancerExchangeFilterFunction that uses it under the hood will be used by default. Spring Cloud Ribbon is now in maintenance mode, so we suggest switching to ReactorLoadBalancerExchangeFilterFunction instead. In order to use it, set the value of `spring.cloud.loadbalancer.ribbon.enabled` to `false` or remove spring-cloud-starter-netflix-ribbon from your project.
2020-09-06 20:56:48,991 INFO org.springframework.integration.channel.AbstractSubscribableChannel [main] Channel 'gateway-service-1.springCloudBusInput' has 1 subscriber(s).
2020-09-06 20:56:49,166 INFO org.springframework.integration.endpoint.EventDrivenConsumer [main] Adding {logging-channel-adapter:_org.springframework.integration.errorLogger} as a subscriber to the 'errorChannel' channel
2020-09-06 20:56:49,174 INFO org.springframework.integration.channel.AbstractSubscribableChannel [main] Channel 'gateway-service-1.errorChannel' has 1 subscriber(s).
2020-09-06 20:56:49,184 INFO org.springframework.integration.endpoint.AbstractEndpoint [main] started bean '_org.springframework.integration.errorLogger'
2020-09-06 20:56:49,191 INFO org.springframework.cloud.stream.binder.DefaultBinderFactory [main] Creating binder: rabbit
2020-09-06 20:56:51,293 INFO org.springframework.cloud.config.client.ConfigServicePropertySourceLocator [main] Fetching config from server at : http://config-server:8000
2020-09-06 20:56:53,446 INFO org.springframework.cloud.config.client.ConfigServicePropertySourceLocator [main] Connect Timeout Exception on Url - http://config-server:8000. Will be trying the next url if available
2020-09-06 20:56:53,452 WARN org.springframework.cloud.config.client.ConfigServicePropertySourceLocator [main] Could not locate PropertySource: I/O error on GET request for "http://config-server:8000/gateway-service/default": config-server; nested exception is java.net.UnknownHostException: config-server
2020-09-06 20:56:54,775 INFO org.springframework.cloud.stream.binder.DefaultBinderFactory [main] Caching the binder: rabbit
2020-09-06 20:56:54,784 INFO org.springframework.cloud.stream.binder.DefaultBinderFactory [main] Retrieving cached binder: rabbit
2020-09-06 20:56:55,539 INFO org.springframework.amqp.rabbit.connection.AbstractConnectionFactory [main] Attempting to connect to: [localhost:5672]
2020-09-06 20:56:55,694 INFO org.springframework.integration.channel.AbstractSubscribableChannel [main] Channel 'gateway-service-1.springCloudBusOutput' has 1 subscriber(s).
2020-09-06 20:56:55,869 INFO org.springframework.cloud.netflix.eureka.InstanceInfoFactory [main] Setting initial instance status as: STARTING
2020-09-06 20:56:56,356 INFO com.netflix.discovery.DiscoveryClient [main] Initializing Eureka in region us-east-1
2020-09-06 20:56:56,361 INFO com.netflix.discovery.DiscoveryClient [main] Client configured to neither register nor query for data.
2020-09-06 20:56:56,488 INFO com.netflix.discovery.DiscoveryClient [main] Discovery Client initialized at timestamp 1599406016485 with initial instances count: 0
2020-09-06 20:56:56,700 INFO org.springframework.cloud.netflix.eureka.serviceregistry.EurekaServiceRegistry [main] Registering application GATEWAY-SERVICE with eureka with status UP
2020-09-06 20:56:56,723 INFO org.springframework.cloud.stream.binder.DefaultBinderFactory [main] Retrieving cached binder: rabbit
2020-09-06 20:56:56,960 INFO org.springframework.cloud.stream.binder.rabbit.provisioning.RabbitExchangeQueueProvisioner [main] declaring queue for inbound: springCloudBus.anonymous.JQaESRkmTBqcASSZBTgZQA, bound to: springCloudBus
2020-09-06 20:56:56,963 INFO org.springframework.amqp.rabbit.connection.AbstractConnectionFactory [main] Attempting to connect to: [localhost:5672]
2020-09-06 20:56:56,970 INFO org.springframework.amqp.rabbit.connection.AbstractConnectionFactory [main] Attempting to connect to: [localhost:5672]
2020-09-06 20:56:57,011 INFO org.springframework.amqp.rabbit.connection.AbstractConnectionFactory [main] Attempting to connect to: [localhost:5672]
2020-09-06 20:56:57,221 INFO org.springframework.integration.channel.AbstractSubscribableChannel [main] Channel 'springCloudBus.anonymous.JQaESRkmTBqcASSZBTgZQA.errors' has 1 subscriber(s).
2020-09-06 20:56:57,236 INFO org.springframework.integration.channel.AbstractSubscribableChannel [main] Channel 'springCloudBus.anonymous.JQaESRkmTBqcASSZBTgZQA.errors' has 2 subscriber(s).
2020-09-06 20:56:57,275 INFO org.springframework.amqp.rabbit.connection.AbstractConnectionFactory [main] Attempting to connect to: [localhost:5672]
2020-09-06 20:56:57,287 INFO org.springframework.amqp.rabbit.listener.AbstractMessageListenerContainer [main] Broker not available; cannot force queue declarations during start: java.net.ConnectException: Connection refused (Connection refused)
2020-09-06 20:56:57,494 INFO org.springframework.amqp.rabbit.connection.AbstractConnectionFactory [springCloudBus.anonymous.JQaESRkmTBqcASSZBTgZQA-1] Attempting to connect to: [localhost:5672]
2020-09-06 20:56:57,505 INFO org.springframework.integration.endpoint.AbstractEndpoint [main] started bean 'inbound.springCloudBus.anonymous.JQaESRkmTBqcASSZBTgZQA'
2020-09-06 20:56:58,057 INFO org.springframework.boot.StartupInfoLogger [main] Started GatewayApplicationTests in 141.237 seconds (JVM running for 157.18)
2020-09-06 20:57:01,075 INFO org.springframework.cloud.netflix.eureka.serviceregistry.EurekaServiceRegistry [SpringContextShutdownHook] Unregistering application GATEWAY-SERVICE with eureka with status DOWN
2020-09-06 20:57:01,169 INFO org.springframework.amqp.rabbit.listener.SimpleMessageListenerContainer [SpringContextShutdownHook] Waiting for workers to finish.
2020-09-06 20:57:01,366 INFO org.springframework.amqp.rabbit.listener.SimpleMessageListenerContainer [SpringContextShutdownHook] Successfully waited for workers to finish.
2020-09-06 20:57:01,407 INFO org.springframework.integration.endpoint.AbstractEndpoint [SpringContextShutdownHook] stopped bean 'inbound.springCloudBus.anonymous.JQaESRkmTBqcASSZBTgZQA'
2020-09-06 20:57:02,283 INFO org.springframework.integration.channel.AbstractSubscribableChannel [SpringContextShutdownHook] Channel 'gateway-service-1.springCloudBus.anonymous.JQaESRkmTBqcASSZBTgZQA.errors' has 1 subscriber(s).
2020-09-06 20:57:02,365 INFO org.springframework.integration.channel.AbstractSubscribableChannel [SpringContextShutdownHook] Channel 'gateway-service-1.springCloudBus.anonymous.JQaESRkmTBqcASSZBTgZQA.errors' has 0 subscriber(s).
2020-09-06 20:57:02,518 INFO org.springframework.integration.endpoint.EventDrivenConsumer [SpringContextShutdownHook] Removing {logging-channel-adapter:_org.springframework.integration.errorLogger} as a subscriber to the 'errorChannel' channel
2020-09-06 20:57:02,576 INFO org.springframework.integration.channel.AbstractSubscribableChannel [SpringContextShutdownHook] Channel 'gateway-service-1.errorChannel' has 0 subscriber(s).
2020-09-06 20:57:02,669 INFO org.springframework.integration.endpoint.AbstractEndpoint [SpringContextShutdownHook] stopped bean '_org.springframework.integration.errorLogger'
2020-09-06 20:57:02,737 INFO org.springframework.scheduling.concurrent.ExecutorConfigurationSupport [SpringContextShutdownHook] Shutting down ExecutorService 'taskScheduler'
2020-09-06 20:57:03,189 INFO com.netflix.discovery.DiscoveryClient [SpringContextShutdownHook] Shutting down DiscoveryClient ...
2020-09-06 20:57:03,839 INFO com.netflix.discovery.DiscoveryClient [SpringContextShutdownHook] Completed shut down of DiscoveryClient
